\BOOKMARK [1][-]{section*.1}{Abstract}{}% 1
\BOOKMARK [1][-]{section*.2}{Author\040Summary}{}% 2
\BOOKMARK [1][-]{section*.3}{Introduction}{}% 3
\BOOKMARK [1][-]{section*.4}{Results}{}% 4
\BOOKMARK [2][-]{section*.5}{Cohort\040Curation\040and\040Sample\040Processing}{section*.4}% 5
\BOOKMARK [2][-]{section*.6}{Implementing\040Phage-Bacteria\040Interaction\040Prediction\040to\040Build\040a\040Community\040Network}{section*.4}% 6
\BOOKMARK [2][-]{section*.7}{Role\040of\040Diet\040on\040Gut\040Microbiome\040Connectivity}{section*.4}% 7
\BOOKMARK [2][-]{section*.8}{Individuality\040of\040Microbial\040Networks}{section*.4}% 8
\BOOKMARK [2][-]{section*.9}{Network\040Structures\040Across\040the\040Human\040Skin\040Landscape}{section*.4}% 9
\BOOKMARK [1][-]{section*.10}{Discussion}{}% 10
\BOOKMARK [1][-]{section*.11}{Materials\040&\040Methods}{}% 11
\BOOKMARK [2][-]{section*.12}{Code\040Availability}{section*.11}% 12
\BOOKMARK [2][-]{section*.13}{Data\040Acquisition\040&\040Quality\040Control}{section*.11}% 13
\BOOKMARK [2][-]{section*.14}{Contig\040Assembly}{section*.11}% 14
\BOOKMARK [2][-]{section*.15}{Contig\040Abundance\040Calculations}{section*.11}% 15
\BOOKMARK [2][-]{section*.16}{Operational\040Genomic\040Unit\040Binning}{section*.11}% 16
\BOOKMARK [2][-]{section*.17}{Operational\040Genomic\040Unit\040Identification}{section*.11}% 17
\BOOKMARK [2][-]{section*.18}{Open\040Reading\040Frame\040Prediction}{section*.11}% 18
\BOOKMARK [2][-]{section*.19}{Classification\040Model\040Creation\040and\040Validation}{section*.11}% 19
\BOOKMARK [2][-]{section*.24}{Interaction\040Network\040Construction}{section*.11}% 20
\BOOKMARK [2][-]{section*.25}{Centrality\040Analysis}{section*.11}% 21
\BOOKMARK [2][-]{section*.26}{Network\040Relationship\040Dissimilarity}{section*.11}% 22
\BOOKMARK [2][-]{section*.27}{Statistics\040and\040Comparisons}{section*.11}% 23
\BOOKMARK [1][-]{section*.28}{Acknowledgments}{}% 24
\BOOKMARK [1][-]{section*.29}{Author\040Contributions}{}% 25
\BOOKMARK [1][-]{section*.30}{Funding\040Information}{}% 26
\BOOKMARK [1][-]{section*.31}{Competing\040interests}{}% 27
\BOOKMARK [1][-]{section*.32}{Supplemental\040Figure\040Captions}{}% 28
\BOOKMARK [1][-]{section*.33}{Supplemental\040Table\040Captions}{}% 29
\BOOKMARK [1][-]{section*.34}{References}{}% 30
